<?xml version="1.0" encoding="UTF-8"?>
<!-- Generated by org.testng.reporters.JUnitXMLReporter -->
<testsuite hostname="SagarChawla-PC" ignored="0" name="Command line test" tests="1" failures="1" timestamp="2020-05-02T18:20:28 IST" time="59.238" errors="0">
  <testcase name="runScenario" time="58.614" classname="io.cucumber.testng.AbstractTestNGCucumberTests">
    <failure type="java.lang.AssertionError" message="Test failed with exception ---&amp;gt; org.openqa.selenium.TimeoutException: Supplied function might have stalled
Build info: version: &amp;apos;4.0.0-alpha-5&amp;apos;, revision: &amp;apos;b3a0d621cc&amp;apos;
System info: host: &amp;apos;SAGARCHAWLA-PC&amp;apos;, ip: &amp;apos;192.168.1.102&amp;apos;, os.name: &amp;apos;Windows 7&amp;apos;, os.arch: &amp;apos;x86&amp;apos;, os.version: &amp;apos;6.1&amp;apos;, java.version: &amp;apos;1.8.0_211&amp;apos;
Driver info: driver.version: unknown">
      <![CDATA[java.lang.AssertionError: Test failed with exception ---> org.openqa.selenium.TimeoutException: Supplied function might have stalled
Build info: version: '4.0.0-alpha-5', revision: 'b3a0d621cc'
System info: host: 'SAGARCHAWLA-PC', ip: '192.168.1.102', os.name: 'Windows 7', os.arch: 'x86', os.version: '6.1', java.version: '1.8.0_211'
Driver info: driver.version: unknown
at utilities.PageActions.findObject(PageActions.java:156)
at utilities.PageActions.setText(PageActions.java:142)
at pageObjects.LoginPage.setPassword(LoginPage.java:34)
at stepDefinitions.Steps.user_enters_Email_as_and_Password_as(Steps.java:33)
at âœ½.User enters Email as "admin@yourstore.com" and Password as "admin"(file:Features/Login.feature:7)
... Removed 1 stack frames]]>
    </failure>
  </testcase> <!-- runScenario -->
</testsuite> <!-- Command line test -->
