<?xml version="1.0" encoding="UTF-8"?>
<!-- Generated by org.testng.reporters.JUnitReportReporter -->
<testsuite skipped="0" hostname="SagarChawla-PC" name="TestRunner.TestRun" tests="1" failures="1" timestamp="2020-05-02T18:20:29 IST" time="58.614" errors="0">
  <testcase name="runScenario" time="58.614" classname="TestRunner.TestRun">
    <failure type="java.lang.AssertionError" message="Test failed with exception ---&gt; org.openqa.selenium.TimeoutException: Supplied function might have stalled
Build info: version: &#039;4.0.0-alpha-5&#039;, revision: &#039;b3a0d621cc&#039;
System info: host: &#039;SAGARCHAWLA-PC&#039;, ip: &#039;192.168.1.102&#039;, os.name: &#039;Windows 7&#039;, os.arch: &#039;x86&#039;, os.version: &#039;6.1&#039;, java.version: &#039;1.8.0_211&#039;
Driver info: driver.version: unknown">
      <![CDATA[java.lang.AssertionError: Test failed with exception ---> org.openqa.selenium.TimeoutException: Supplied function might have stalled
Build info: version: '4.0.0-alpha-5', revision: 'b3a0d621cc'
System info: host: 'SAGARCHAWLA-PC', ip: '192.168.1.102', os.name: 'Windows 7', os.arch: 'x86', os.version: '6.1', java.version: '1.8.0_211'
Driver info: driver.version: unknown
at org.testng.Assert.fail(Assert.java:97)
at utilities.PageActions.findObject(PageActions.java:156)
at utilities.PageActions.setText(PageActions.java:142)
at pageObjects.LoginPage.setPassword(LoginPage.java:34)
at stepDefinitions.Steps.user_enters_Email_as_and_Password_as(Steps.java:33)
at âœ½.User enters Email as "admin@yourstore.com" and Password as "admin"(file:Features/Login.feature:7)
]]>
    </failure>
  </testcase> <!-- runScenario -->
  <system-out/>
</testsuite> <!-- TestRunner.TestRun -->
